<?xml version="1.0" encoding="UTF-8"?>
<testsuite name="kata.KataTest" tests="1" skipped="0" failures="0" errors="0" timestamp="2021-10-28T11:52:31" hostname="Babylon5-4.local" time="0.015">
  <properties/>
  <testcase name="testSomeKataMethod()" classname="kata.KataTest" time="0.015"/>
  <system-out><![CDATA[]]></system-out>
  <system-err><![CDATA[]]></system-err>
</testsuite>
