<?xml version="1.0" encoding="UTF-8"?>
<testsuite name="kata.KataTest" tests="3" skipped="0" failures="0" errors="0" timestamp="2021-10-29T11:44:31" hostname="Babylon5-4.local" time="0.018">
  <properties/>
  <testcase name="testTimeline()" classname="kata.KataTest" time="0.016"/>
  <testcase name="testPublish()" classname="kata.KataTest" time="0.0"/>
  <testcase name="testFollowing()" classname="kata.KataTest" time="0.0"/>
  <system-out><![CDATA[]]></system-out>
  <system-err><![CDATA[]]></system-err>
</testsuite>
